<?xml version="1.0" encoding="UTF-8"?>
<!-- Generated by org.testng.reporters.JUnitReportReporter -->
<testsuite hostname="DESKTOP-KG4B4RP" failures="0" tests="1" name="com.ITlearn.testcases.Logintestcase" time="8.278" errors="0" timestamp="2024-02-21T12:52:39 EST" skipped="0">
  <testcase classname="com.ITlearn.testcases.Logintestcase" name="verify" time="8.278"/>
</testsuite> <!-- com.ITlearn.testcases.Logintestcase -->
