<?xml version="1.0" encoding="UTF-8"?>
<!-- Generated by org.testng.reporters.JUnitReportReporter -->
<testsuite hostname="DESKTOP-KG4B4RP" failures="0" tests="2" name="com.vgqa360.testcases.SearchTest" time="12.724" errors="0" timestamp="2024-03-14T13:12:29 EDT" skipped="0">
  <testcase classname="com.vgqa360.testcases.SearchTest" name="verifyLogin" time="0.402"/>
  <testcase classname="com.vgqa360.testcases.SearchTest" name="verifySearch" time="12.322"/>
</testsuite> <!-- com.vgqa360.testcases.SearchTest -->
