<?xml version="1.0" encoding="UTF-8"?>
<!-- Generated by org.testng.reporters.JUnitReportReporter -->
<testsuite hostname="DESKTOP-KG4B4RP" failures="0" tests="1" name="com.vgqa360.testcases.LoginTest" time="3.203" errors="0" timestamp="2024-03-07T13:11:29 EST" skipped="0">
  <testcase classname="com.vgqa360.testcases.LoginTest" name="verifyLogin" time="3.203"/>
</testsuite> <!-- com.vgqa360.testcases.LoginTest -->
